[0m22:14:27.635554 [debug] [MainThread]: Sending event: {'category': 'dbt', 'action': 'invocation', 'label': 'start', 'context': [<snowplow_tracker.self_describing_json.SelfDescribingJson object at 0x00000182611A1160>, <snowplow_tracker.self_describing_json.SelfDescribingJson object at 0x000001826329FC50>, <snowplow_tracker.self_describing_json.SelfDescribingJson object at 0x000001826329F890>]}


============================== 22:14:27.643359 | 6666fafb-91be-44e6-8601-cd918559ba73 ==============================
[0m22:14:27.643359 [info ] [MainThread]: Running with dbt=1.10.3
[0m22:14:27.644752 [debug] [MainThread]: running dbt with arguments {'printer_width': '80', 'indirect_selection': 'eager', 'write_json': 'True', 'log_cache_events': 'False', 'partial_parse': 'True', 'cache_selected_only': 'False', 'profiles_dir': 'C:\\Users\\risha\\.dbt', 'version_check': 'True', 'warn_error': 'None', 'log_path': 'logs', 'debug': 'False', 'fail_fast': 'False', 'use_colors': 'True', 'use_experimental_parser': 'False', 'no_print': 'None', 'quiet': 'False', 'empty': 'None', 'log_format': 'default', 'static_parser': 'True', 'invocation_command': 'dbt init oc_data_dbt', 'warn_error_options': 'WarnErrorOptionsV2(error=[], warn=[], silence=[])', 'target_path': 'None', 'introspect': 'True', 'send_anonymous_usage_stats': 'True'}
[0m22:14:27.715689 [debug] [MainThread]: Starter project path: C:\Users\risha\AppData\Local\Packages\PythonSoftwareFoundation.Python.3.13_qbz5n2kfra8p0\LocalCache\local-packages\Python313\site-packages\dbt\include\starter_project
[0m22:14:27.762041 [info ] [MainThread]: 
Your new dbt project "oc_data_dbt" was created!

For more information on how to configure the profiles.yml file,
please consult the dbt documentation here:

  https://docs.getdbt.com/docs/configure-your-profile

One more thing:

Need help? Don't hesitate to reach out to us via GitHub issues or on Slack:

  https://community.getdbt.com/

Happy modeling!

[0m22:14:27.763189 [info ] [MainThread]: Setting up your profile.
[0m22:16:40.835064 [info ] [MainThread]: Profile oc_data_dbt written to C:\Users\risha\.dbt\profiles.yml using target's profile_template.yml and your supplied values. Run 'dbt debug' to validate the connection.
[0m22:16:40.838575 [debug] [MainThread]: Command `dbt init` succeeded at 22:16:40.838218 after 133.42 seconds
[0m22:16:40.839368 [debug] [MainThread]: Sending event: {'category': 'dbt', 'action': 'invocation', 'label': 'end', 'context': [<snowplow_tracker.self_describing_json.SelfDescribingJson object at 0x0000018281199CD0>, <snowplow_tracker.self_describing_json.SelfDescribingJson object at 0x0000018263564A70>, <snowplow_tracker.self_describing_json.SelfDescribingJson object at 0x0000018260745D00>]}
[0m22:16:40.840140 [debug] [MainThread]: Flushing usage events
[0m22:16:42.006008 [debug] [MainThread]: An error was encountered while trying to flush usage events
[0m22:26:20.825399 [debug] [MainThread]: Sending event: {'category': 'dbt', 'action': 'invocation', 'label': 'start', 'context': [<snowplow_tracker.self_describing_json.SelfDescribingJson object at 0x0000020E55791160>, <snowplow_tracker.self_describing_json.SelfDescribingJson object at 0x0000020E5779FC50>, <snowplow_tracker.self_describing_json.SelfDescribingJson object at 0x0000020E5779F890>]}


============================== 22:26:20.837706 | a2a743bc-fdcf-4fad-bea2-a6517924bafc ==============================
[0m22:26:20.837706 [info ] [MainThread]: Running with dbt=1.10.3
[0m22:26:20.838735 [debug] [MainThread]: running dbt with arguments {'printer_width': '80', 'indirect_selection': 'eager', 'log_cache_events': 'False', 'write_json': 'True', 'partial_parse': 'True', 'cache_selected_only': 'False', 'warn_error': 'None', 'debug': 'False', 'profiles_dir': 'C:\\Users\\risha\\.dbt', 'log_path': 'logs', 'version_check': 'True', 'fail_fast': 'False', 'use_colors': 'True', 'use_experimental_parser': 'False', 'empty': 'None', 'quiet': 'False', 'no_print': 'None', 'warn_error_options': 'WarnErrorOptionsV2(error=[], warn=[], silence=[])', 'static_parser': 'True', 'log_format': 'default', 'introspect': 'True', 'target_path': 'None', 'invocation_command': 'dbt debug', 'send_anonymous_usage_stats': 'True'}
[0m22:26:20.890308 [info ] [MainThread]: dbt version: 1.10.3
[0m22:26:20.891140 [info ] [MainThread]: python version: 3.13.5
[0m22:26:20.891819 [info ] [MainThread]: python path: C:\Users\risha\AppData\Local\Microsoft\WindowsApps\PythonSoftwareFoundation.Python.3.13_qbz5n2kfra8p0\python.exe
[0m22:26:20.892504 [info ] [MainThread]: os info: Windows-11-10.0.26100-SP0
[0m22:26:21.606147 [info ] [MainThread]: Using profiles dir at C:\Users\risha\.dbt
[0m22:26:21.607030 [info ] [MainThread]: Using profiles.yml file at C:\Users\risha\.dbt\profiles.yml
[0m22:26:21.607707 [info ] [MainThread]: Using dbt_project.yml file at C:\Users\risha\oc-data-dbt\dbt_project.yml
[0m22:26:21.623524 [info ] [MainThread]: adapter type: snowflake
[0m22:26:21.624528 [info ] [MainThread]: adapter version: 1.9.4
[0m22:26:21.625532 [info ] [MainThread]: Configuration:
[0m22:26:21.626464 [info ] [MainThread]:   profiles.yml file [[32mOK found and valid[0m]
[0m22:26:21.627378 [info ] [MainThread]:   dbt_project.yml file [[31mERROR not found[0m]
[0m22:26:21.629103 [info ] [MainThread]: Required dependencies:
[0m22:26:21.630712 [debug] [MainThread]: Executing "git --help"
[0m22:26:21.713896 [debug] [MainThread]: STDOUT: "b"usage: git [-v | --version] [-h | --help] [-C <path>] [-c <name>=<value>]\n           [--exec-path[=<path>]] [--html-path] [--man-path] [--info-path]\n           [-p | --paginate | -P | --no-pager] [--no-replace-objects] [--no-lazy-fetch]\n           [--no-optional-locks] [--no-advice] [--bare] [--git-dir=<path>]\n           [--work-tree=<path>] [--namespace=<name>] [--config-env=<name>=<envvar>]\n           <command> [<args>]\n\nThese are common Git commands used in various situations:\n\nstart a working area (see also: git help tutorial)\n   clone      Clone a repository into a new directory\n   init       Create an empty Git repository or reinitialize an existing one\n\nwork on the current change (see also: git help everyday)\n   add        Add file contents to the index\n   mv         Move or rename a file, a directory, or a symlink\n   restore    Restore working tree files\n   rm         Remove files from the working tree and from the index\n\nexamine the history and state (see also: git help revisions)\n   bisect     Use binary search to find the commit that introduced a bug\n   diff       Show changes between commits, commit and working tree, etc\n   grep       Print lines matching a pattern\n   log        Show commit logs\n   show       Show various types of objects\n   status     Show the working tree status\n\ngrow, mark and tweak your common history\n   backfill   Download missing objects in a partial clone\n   branch     List, create, or delete branches\n   commit     Record changes to the repository\n   merge      Join two or more development histories together\n   rebase     Reapply commits on top of another base tip\n   reset      Reset current HEAD to the specified state\n   switch     Switch branches\n   tag        Create, list, delete or verify a tag object signed with GPG\n\ncollaborate (see also: git help workflows)\n   fetch      Download objects and refs from another repository\n   pull       Fetch from and integrate with another repository or a local branch\n   push       Update remote refs along with associated objects\n\n'git help -a' and 'git help -g' list available subcommands and some\nconcept guides. See 'git help <command>' or 'git help <concept>'\nto read about a specific subcommand or concept.\nSee 'git help git' for an overview of the system.\n""
[0m22:26:21.714478 [debug] [MainThread]: STDERR: "b''"
[0m22:26:21.714994 [info ] [MainThread]:  - git [[32mOK found[0m]

[0m22:26:21.715612 [info ] [MainThread]: Connection:
[0m22:26:21.716261 [info ] [MainThread]:   account: dummy-account
[0m22:26:21.716799 [info ] [MainThread]:   user: dummy_user
[0m22:26:21.717274 [info ] [MainThread]:   database: dummy_db
[0m22:26:21.717827 [info ] [MainThread]:   warehouse: dummy_wh
[0m22:26:21.718403 [info ] [MainThread]:   role: dummy_role
[0m22:26:21.719008 [info ] [MainThread]:   schema: dummy_schema
[0m22:26:21.719489 [info ] [MainThread]:   authenticator: None
[0m22:26:21.720013 [info ] [MainThread]:   oauth_client_id: None
[0m22:26:21.720655 [info ] [MainThread]:   query_tag: None
[0m22:26:21.721434 [info ] [MainThread]:   client_session_keep_alive: False
[0m22:26:21.724034 [info ] [MainThread]:   host: None
[0m22:26:21.726742 [info ] [MainThread]:   port: None
[0m22:26:21.730739 [info ] [MainThread]:   proxy_host: None
[0m22:26:21.731966 [info ] [MainThread]:   proxy_port: None
[0m22:26:21.732701 [info ] [MainThread]:   protocol: None
[0m22:26:21.733443 [info ] [MainThread]:   connect_retries: 1
[0m22:26:21.734207 [info ] [MainThread]:   connect_timeout: None
[0m22:26:21.734760 [info ] [MainThread]:   retry_on_database_errors: False
[0m22:26:21.735333 [info ] [MainThread]:   retry_all: False
[0m22:26:21.736245 [info ] [MainThread]:   insecure_mode: False
[0m22:26:21.738306 [info ] [MainThread]:   reuse_connections: True
[0m22:26:21.739369 [info ] [MainThread]: Registered adapter: snowflake=1.9.4
[0m22:26:22.339146 [debug] [MainThread]: Acquiring new snowflake connection 'debug'
[0m22:26:26.615322 [debug] [MainThread]: Using snowflake connection "debug"
[0m22:26:26.615976 [debug] [MainThread]: On debug: select 1 as id
[0m22:26:26.616385 [debug] [MainThread]: Opening a new connection, currently in state init
[0m22:26:29.938452 [debug] [MainThread]: Snowflake adapter: Error running SQL: select 1 as id
[0m22:26:29.939428 [debug] [MainThread]: Snowflake adapter: Rolling back transaction.
[0m22:26:29.940384 [info ] [MainThread]:   Connection test: [[31mERROR[0m]

[0m22:26:29.941786 [info ] [MainThread]: [31m2 checks failed:[0m
[0m22:26:29.942403 [info ] [MainThread]: Project loading failed for the following reason:
 project path <C:\Users\risha\oc-data-dbt\dbt_project.yml> not found

[0m22:26:29.943157 [info ] [MainThread]: dbt was unable to connect to the specified database.
The database returned the following error:

  >Database Error
  250003 (08001): 404 Not Found: post https://dummy-account.snowflakecomputing.com:443/session/v1/login-request?request_id=0e28084c-b587-4e93-aa1f-b0215587dec8&databaseName=dummy_db&schemaName=dummy_schema&warehouse=dummy_wh&roleName=dummy_role&request_guid=e99c0c83-445d-4e85-91ac-592b23514523

Check your database credentials and try again. For more information, visit:
https://docs.getdbt.com/docs/configure-your-profile


[0m22:26:29.945532 [debug] [MainThread]: Command `dbt debug` failed at 22:26:29.945376 after 9.40 seconds
[0m22:26:29.946463 [debug] [MainThread]: Connection 'debug' was left open.
[0m22:26:29.946943 [debug] [MainThread]: On debug: No close available on handle
[0m22:26:29.947356 [debug] [MainThread]: Sending event: {'category': 'dbt', 'action': 'invocation', 'label': 'end', 'context': [<snowplow_tracker.self_describing_json.SelfDescribingJson object at 0x0000020E77A79350>, <snowplow_tracker.self_describing_json.SelfDescribingJson object at 0x0000020E77D68B90>, <snowplow_tracker.self_describing_json.SelfDescribingJson object at 0x0000020E77CBBDF0>]}
[0m22:26:29.947888 [debug] [MainThread]: Flushing usage events
[0m22:26:31.112326 [debug] [MainThread]: An error was encountered while trying to flush usage events
